* -------------------------------------  Logging started at : 03-12-2018 11:31:13 ------------------------------
* -------------------------------------  Logging ended at : 03-12-2018 11:31:18  --------------------------------
* -------------------------------------  Logging started at : 03-12-2018 11:41:00 ------------------------------
* -------------------------------------  Logging ended at : 03-12-2018 12:00:25  --------------------------------
* -------------------------------------  Logging started at : 03-12-2018 12:05:21 ------------------------------
* -------------------------------------  Logging ended at : 03-12-2018 12:06:40  --------------------------------
* -------------------------------------  Logging started at : 03-12-2018 12:56:16 ------------------------------
* 2018-12-03 13:13:38+00:00 ******* sent you a Meeting request.
* -------------------------------------  Logging ended at : 03-12-2018 13:21:24  --------------------------------
* -------------------------------------  Logging started at : 03-12-2018 13:32:28 ------------------------------
* 2018-12-03 13:13:38+00:00 ******* sent you a Meeting request.
* -------------------------------------  Logging ended at : 03-12-2018 13:33:32  --------------------------------
* -------------------------------------  Logging started at : 03-12-2018 13:33:45 ------------------------------
* 2018-12-03 13:35:20+00:00 ******* sent you a Meeting request.
* -------------------------------------  Logging ended at : 03-12-2018 13:57:50  --------------------------------
* -------------------------------------  Logging started at : 03-12-2018 14:04:21 ------------------------------
* -------------------------------------  Logging started at : 03-12-2018 14:07:04 ------------------------------
* * No emails received.
* -------------------------------------  Logging ended at : 03-12-2018 14:18:51  --------------------------------
* -------------------------------------  Logging started at : 03-12-2018 14:24:03 ------------------------------
* * No emails received.
* -------------------------------------  Logging ended at : 03-12-2018 14:37:33  --------------------------------
* -------------------------------------  Logging started at : 03-12-2018 14:44:52 ------------------------------
* * No emails received.
* -------------------------------------  Logging ended at : 03-12-2018 15:20:19  --------------------------------
* -------------------------------------  Logging started at : 03-12-2018 15:21:28 ------------------------------
* * No emails received.
* -------------------------------------  Logging ended at : 03-12-2018 15:24:33  --------------------------------* -------------------------------------  Logging started at : 08-12-2018 23:06:34 ------------------------------
* -------------------------------------  Logging started at : 08-12-2018 23:09:28 ------------------------------
